#! /usr/share/iverilog-0.9.7/bin/vvp
:ivl_version "0.9.7 " "(v0_9_6)";
:vpi_time_precision - 9;
:vpi_module "system";
:vpi_module "v2005_math";
:vpi_module "va_math";
S_0x948140 .scope module, "cu_testbench" "cu_testbench" 2 5;
 .timescale -9 -9;
v0x95f0e0_0 .net "ALUOp", 1 0, v0x948320_0; 1 drivers
v0x95f180_0 .net "ALUSrc", 0 0, v0x95ea40_0; 1 drivers
v0x95f230_0 .net "Branch", 0 0, v0x95eae0_0; 1 drivers
v0x95f2e0_0 .net "Jalr", 0 0, v0x95eb80_0; 1 drivers
v0x95f3c0_0 .net "Jump", 0 0, v0x95ec30_0; 1 drivers
v0x95f470_0 .net "MemRead", 0 0, v0x95ecd0_0; 1 drivers
v0x95f4f0_0 .net "MemWrite", 0 0, v0x95edb0_0; 1 drivers
v0x95f5a0_0 .net "MemtoReg", 0 0, v0x95ee50_0; 1 drivers
v0x95f650_0 .net "RegWrite", 0 0, v0x95ef40_0; 1 drivers
v0x95f700_0 .var "operation", 6 0;
S_0x948230 .scope module, "u0" "cu" 2 19, 3 4, S_0x948140;
 .timescale -9 -9;
v0x948320_0 .var "ALUOp", 1 0;
v0x95ea40_0 .var "ALUSrc", 0 0;
v0x95eae0_0 .var "Branch", 0 0;
v0x95eb80_0 .var "Jalr", 0 0;
v0x95ec30_0 .var "Jump", 0 0;
v0x95ecd0_0 .var "MemRead", 0 0;
v0x95edb0_0 .var "MemWrite", 0 0;
v0x95ee50_0 .var "MemtoReg", 0 0;
v0x95ef40_0 .var "RegWrite", 0 0;
v0x95efe0_0 .net "operation", 6 0, v0x95f700_0; 1 drivers
E_0x932940 .event edge, v0x95efe0_0;
    .scope S_0x948230;
T_0 ;
    %wait E_0x932940;
    %load/v 8, v0x95efe0_0, 7;
    %cmpi/u 8, 51, 7;
    %jmp/1 T_0.0, 6;
    %cmpi/u 8, 3, 7;
    %jmp/1 T_0.1, 6;
    %cmpi/u 8, 103, 7;
    %jmp/1 T_0.2, 6;
    %cmpi/u 8, 19, 7;
    %jmp/1 T_0.3, 6;
    %cmpi/u 8, 35, 7;
    %jmp/1 T_0.4, 6;
    %cmpi/u 8, 99, 7;
    %jmp/1 T_0.5, 6;
    %cmpi/u 8, 111, 7;
    %jmp/1 T_0.6, 6;
    %jmp T_0.7;
T_0.0 ;
    %set/v v0x95ea40_0, 0, 1;
    %set/v v0x95ee50_0, 0, 1;
    %set/v v0x95ef40_0, 1, 1;
    %set/v v0x95ecd0_0, 0, 1;
    %set/v v0x95edb0_0, 0, 1;
    %set/v v0x95eae0_0, 0, 1;
    %set/v v0x95ec30_0, 0, 1;
    %set/v v0x95eb80_0, 0, 1;
    %movi 8, 2, 2;
    %set/v v0x948320_0, 8, 2;
    %jmp T_0.7;
T_0.1 ;
    %set/v v0x95ea40_0, 1, 1;
    %set/v v0x95ee50_0, 1, 1;
    %set/v v0x95ef40_0, 1, 1;
    %set/v v0x95ecd0_0, 1, 1;
    %set/v v0x95edb0_0, 0, 1;
    %set/v v0x95eae0_0, 0, 1;
    %set/v v0x95ec30_0, 0, 1;
    %set/v v0x95eb80_0, 0, 1;
    %set/v v0x948320_0, 0, 2;
    %jmp T_0.7;
T_0.2 ;
    %set/v v0x95ea40_0, 1, 1;
    %set/v v0x95ee50_0, 0, 1;
    %set/v v0x95ef40_0, 1, 1;
    %set/v v0x95ecd0_0, 0, 1;
    %set/v v0x95edb0_0, 0, 1;
    %set/v v0x95eae0_0, 0, 1;
    %set/v v0x95ec30_0, 1, 1;
    %set/v v0x95eb80_0, 1, 1;
    %set/v v0x948320_0, 0, 2;
    %jmp T_0.7;
T_0.3 ;
    %set/v v0x95ea40_0, 1, 1;
    %set/v v0x95ee50_0, 0, 1;
    %set/v v0x95ef40_0, 1, 1;
    %set/v v0x95ecd0_0, 0, 1;
    %set/v v0x95edb0_0, 0, 1;
    %set/v v0x95eae0_0, 0, 1;
    %set/v v0x95ec30_0, 0, 1;
    %set/v v0x95eb80_0, 0, 1;
    %movi 8, 2, 2;
    %set/v v0x948320_0, 8, 2;
    %jmp T_0.7;
T_0.4 ;
    %set/v v0x95ea40_0, 1, 1;
    %set/v v0x95ee50_0, 0, 1;
    %set/v v0x95ef40_0, 0, 1;
    %set/v v0x95ecd0_0, 0, 1;
    %set/v v0x95edb0_0, 1, 1;
    %set/v v0x95eae0_0, 0, 1;
    %set/v v0x95ec30_0, 0, 1;
    %set/v v0x95eb80_0, 0, 1;
    %set/v v0x948320_0, 0, 2;
    %jmp T_0.7;
T_0.5 ;
    %set/v v0x95ea40_0, 0, 1;
    %set/v v0x95ee50_0, 0, 1;
    %set/v v0x95ef40_0, 0, 1;
    %set/v v0x95ecd0_0, 0, 1;
    %set/v v0x95edb0_0, 0, 1;
    %set/v v0x95eae0_0, 1, 1;
    %set/v v0x95ec30_0, 0, 1;
    %set/v v0x95eb80_0, 0, 1;
    %movi 8, 1, 2;
    %set/v v0x948320_0, 8, 2;
    %jmp T_0.7;
T_0.6 ;
    %set/v v0x95ea40_0, 0, 1;
    %set/v v0x95ee50_0, 0, 1;
    %set/v v0x95ef40_0, 1, 1;
    %set/v v0x95ecd0_0, 0, 1;
    %set/v v0x95edb0_0, 0, 1;
    %set/v v0x95eae0_0, 0, 1;
    %set/v v0x95ec30_0, 1, 1;
    %set/v v0x95eb80_0, 0, 1;
    %set/v v0x948320_0, 0, 2;
    %jmp T_0.7;
T_0.7 ;
    %jmp T_0;
    .thread T_0, $push;
    .scope S_0x948140;
T_1 ;
    %vpi_call 2 22 "$monitor", "%b\011\011%d\011%d\011%d\011%d\011%d\011%d\011%d\011%d\011%b", v0x95f700_0, v0x95f180_0, v0x95f5a0_0, v0x95f650_0, v0x95f470_0, v0x95f4f0_0, v0x95f230_0, v0x95f3c0_0, v0x95f2e0_0, v0x95f0e0_0;
    %delay 5, 0;
    %movi 8, 51, 7;
    %set/v v0x95f700_0, 8, 7;
    %delay 5, 0;
    %movi 8, 3, 7;
    %set/v v0x95f700_0, 8, 7;
    %delay 5, 0;
    %movi 8, 103, 7;
    %set/v v0x95f700_0, 8, 7;
    %delay 5, 0;
    %movi 8, 19, 7;
    %set/v v0x95f700_0, 8, 7;
    %delay 5, 0;
    %movi 8, 35, 7;
    %set/v v0x95f700_0, 8, 7;
    %delay 5, 0;
    %movi 8, 99, 7;
    %set/v v0x95f700_0, 8, 7;
    %delay 5, 0;
    %movi 8, 111, 7;
    %set/v v0x95f700_0, 8, 7;
    %end;
    .thread T_1;
# The file index is used to find the file name in the following table.
:file_names 4;
    "N/A";
    "<interactive>";
    "testbench.sv";
    "design.sv";
