#! /usr/share/iverilog-0.9.7/bin/vvp
:ivl_version "0.9.7 " "(v0_9_6)";
:vpi_time_precision - 9;
:vpi_module "system";
:vpi_module "v2005_math";
:vpi_module "va_math";
S_0x1b96b10 .scope module, "alu_testbench" "alu_testbench" 2 5;
 .timescale -9 -9;
v0x1bab370_0 .var "A", 31 0;
v0x1bab440_0 .net/s "ALUResult", 31 0, v0x1bab180_0; 1 drivers
v0x1bab4f0_0 .var "B", 31 0;
v0x1bab5a0_0 .var/s "operation", 3 0;
S_0x1b96c00 .scope module, "u0" "alu" 2 13, 3 4, S_0x1b96b10;
 .timescale -9 -9;
v0x1b84180_0 .net "A", 31 0, v0x1bab370_0; 1 drivers
v0x1bab180_0 .var/s "ALUResult", 31 0;
v0x1bab220_0 .net "B", 31 0, v0x1bab4f0_0; 1 drivers
v0x1bab2c0_0 .net/s "operation", 3 0, v0x1bab5a0_0; 1 drivers
E_0x1b6fe00 .event edge, v0x1bab2c0_0, v0x1b84180_0, v0x1bab220_0;
    .scope S_0x1b96c00;
T_0 ;
    %wait E_0x1b6fe00;
    %load/v 8, v0x1bab2c0_0, 4;
    %cmpi/u 8, 2, 4;
    %jmp/1 T_0.0, 6;
    %cmpi/u 8, 6, 4;
    %jmp/1 T_0.1, 6;
    %cmpi/u 8, 7, 4;
    %jmp/1 T_0.2, 6;
    %cmpi/u 8, 15, 4;
    %jmp/1 T_0.3, 6;
    %cmpi/u 8, 4, 4;
    %jmp/1 T_0.4, 6;
    %cmpi/u 8, 12, 4;
    %jmp/1 T_0.5, 6;
    %cmpi/u 8, 14, 4;
    %jmp/1 T_0.6, 6;
    %cmpi/u 8, 0, 4;
    %jmp/1 T_0.7, 6;
    %cmpi/u 8, 1, 4;
    %jmp/1 T_0.8, 6;
    %cmpi/u 8, 3, 4;
    %jmp/1 T_0.9, 6;
    %cmpi/u 8, 8, 4;
    %jmp/1 T_0.10, 6;
    %cmpi/u 8, 9, 4;
    %jmp/1 T_0.11, 6;
    %cmpi/u 8, 10, 4;
    %jmp/1 T_0.12, 6;
    %cmpi/u 8, 11, 4;
    %jmp/1 T_0.13, 6;
    %set/v v0x1bab180_0, 0, 32;
    %jmp T_0.15;
T_0.0 ;
    %load/v 8, v0x1b84180_0, 32;
    %load/v 40, v0x1bab220_0, 32;
    %add 8, 40, 32;
    %set/v v0x1bab180_0, 8, 32;
    %jmp T_0.15;
T_0.1 ;
    %load/v 8, v0x1b84180_0, 32;
    %load/v 40, v0x1bab220_0, 32;
    %sub 8, 40, 32;
    %set/v v0x1bab180_0, 8, 32;
    %jmp T_0.15;
T_0.2 ;
    %load/v 8, v0x1b84180_0, 32;
    %load/v 40, v0x1bab220_0, 32;
    %mul 8, 40, 32;
    %set/v v0x1bab180_0, 8, 32;
    %jmp T_0.15;
T_0.3 ;
    %load/v 8, v0x1b84180_0, 32;
    %load/v 40, v0x1bab220_0, 32;
    %div 8, 40, 32;
    %set/v v0x1bab180_0, 8, 32;
    %jmp T_0.15;
T_0.4 ;
    %load/v 8, v0x1b84180_0, 32;
    %load/v 40, v0x1bab220_0, 32;
    %ix/get 0, 40, 32;
    %shiftl/i0  8, 32;
    %set/v v0x1bab180_0, 8, 32;
    %jmp T_0.15;
T_0.5 ;
    %load/v 8, v0x1b84180_0, 32;
    %load/v 40, v0x1bab220_0, 32;
    %ix/get 0, 40, 32;
    %shiftr/i0  8, 32;
    %set/v v0x1bab180_0, 8, 32;
    %jmp T_0.15;
T_0.6 ;
    %load/v 8, v0x1b84180_0, 32;
    %load/v 40, v0x1bab220_0, 32;
    %ix/get 0, 40, 32;
    %shiftr/i0  8, 32;
    %set/v v0x1bab180_0, 8, 32;
    %jmp T_0.15;
T_0.7 ;
    %load/v 8, v0x1b84180_0, 32;
    %load/v 40, v0x1bab220_0, 32;
    %and 8, 40, 32;
    %set/v v0x1bab180_0, 8, 32;
    %jmp T_0.15;
T_0.8 ;
    %load/v 8, v0x1b84180_0, 32;
    %load/v 40, v0x1bab220_0, 32;
    %or 8, 40, 32;
    %set/v v0x1bab180_0, 8, 32;
    %jmp T_0.15;
T_0.9 ;
    %load/v 8, v0x1b84180_0, 32;
    %load/v 40, v0x1bab220_0, 32;
    %xor 8, 40, 32;
    %set/v v0x1bab180_0, 8, 32;
    %jmp T_0.15;
T_0.10 ;
    %load/v 40, v0x1b84180_0, 32;
    %load/v 72, v0x1bab220_0, 32;
    %cmp/u 40, 72, 32;
    %mov 40, 4, 1;
    %mov 8, 40, 1;
    %mov 9, 0, 31;
    %set/v v0x1bab180_0, 8, 32;
    %jmp T_0.15;
T_0.11 ;
    %load/v 40, v0x1b84180_0, 32;
    %load/v 72, v0x1bab220_0, 32;
    %cmp/u 40, 72, 32;
    %inv 4, 1;
    %mov 40, 4, 1;
    %mov 8, 40, 1;
    %mov 9, 0, 31;
    %set/v v0x1bab180_0, 8, 32;
    %jmp T_0.15;
T_0.12 ;
    %load/v 40, v0x1b84180_0, 32;
    %load/v 72, v0x1bab220_0, 32;
    %cmp/u 40, 72, 32;
    %mov 40, 5, 1;
    %mov 8, 40, 1;
    %mov 9, 0, 31;
    %set/v v0x1bab180_0, 8, 32;
    %jmp T_0.15;
T_0.13 ;
    %load/v 40, v0x1bab220_0, 32;
    %load/v 72, v0x1b84180_0, 32;
    %cmp/u 40, 72, 32;
    %or 5, 4, 1;
    %mov 40, 5, 1;
    %mov 8, 40, 1;
    %mov 9, 0, 31;
    %set/v v0x1bab180_0, 8, 32;
    %jmp T_0.15;
T_0.15 ;
    %jmp T_0;
    .thread T_0, $push;
    .scope S_0x1b96b10;
T_1 ;
    %vpi_call 2 16 "$monitor", "%b\011%d\011%d\011%d", v0x1bab5a0_0, v0x1bab370_0, v0x1bab4f0_0, v0x1bab440_0;
    %movi 8, 197, 32;
    %set/v v0x1bab370_0, 8, 32;
    %movi 8, 4294967059, 32;
    %set/v v0x1bab4f0_0, 8, 32;
    %delay 5, 0;
    %movi 8, 2, 4;
    %set/v v0x1bab5a0_0, 8, 4;
    %delay 5, 0;
    %movi 8, 6, 4;
    %set/v v0x1bab5a0_0, 8, 4;
    %delay 5, 0;
    %movi 8, 7, 4;
    %set/v v0x1bab5a0_0, 8, 4;
    %delay 5, 0;
    %set/v v0x1bab5a0_0, 1, 4;
    %delay 5, 0;
    %movi 8, 4, 4;
    %set/v v0x1bab5a0_0, 8, 4;
    %delay 5, 0;
    %movi 8, 12, 4;
    %set/v v0x1bab5a0_0, 8, 4;
    %delay 5, 0;
    %movi 8, 14, 4;
    %set/v v0x1bab5a0_0, 8, 4;
    %delay 5, 0;
    %set/v v0x1bab5a0_0, 0, 4;
    %delay 5, 0;
    %movi 8, 1, 4;
    %set/v v0x1bab5a0_0, 8, 4;
    %delay 5, 0;
    %movi 8, 3, 4;
    %set/v v0x1bab5a0_0, 8, 4;
    %delay 5, 0;
    %movi 8, 8, 4;
    %set/v v0x1bab5a0_0, 8, 4;
    %delay 5, 0;
    %movi 8, 9, 4;
    %set/v v0x1bab5a0_0, 8, 4;
    %delay 5, 0;
    %movi 8, 10, 4;
    %set/v v0x1bab5a0_0, 8, 4;
    %delay 5, 0;
    %movi 8, 11, 4;
    %set/v v0x1bab5a0_0, 8, 4;
    %end;
    .thread T_1;
# The file index is used to find the file name in the following table.
:file_names 4;
    "N/A";
    "<interactive>";
    "testbench.sv";
    "design.sv";
